<?xml version="1.0" encoding="UTF-8"?>
<testsuite name="example.github.api.GitHubHandlerTest" tests="2" skipped="2" failures="0" errors="0" timestamp="2017-12-25T18:52:29" hostname="DESKTOP-OME40IK" time="0.002">
  <properties/>
  <testcase name="getTop10CommitedRepositoriesInWeek" classname="example.github.api.GitHubHandlerTest" time="0.0">
    <skipped/>
  </testcase>
  <testcase name="getTop10StarredRepos" classname="example.github.api.GitHubHandlerTest" time="0.001">
    <skipped/>
  </testcase>
  <system-out><![CDATA[]]></system-out>
  <system-err><![CDATA[]]></system-err>
</testsuite>
